<?xml version="1.0" encoding="UTF-8" ?>
<testsuite failures="0" time="0.265" errors="1" skipped="0" tests="1" name="try_git.test.dao.EmptyDaoTest">
  <properties>
    <property name="java.runtime.name" value="Java(TM) SE Runtime Environment"/>
    <property name="sun.boot.library.path" value="C:\Program Files\Java\jdk1.6.0_24\jre\bin"/>
    <property name="java.vm.version" value="19.1-b02"/>
    <property name="java.vm.vendor" value="Sun Microsystems Inc."/>
    <property name="java.vendor.url" value="http://java.sun.com/"/>
    <property name="path.separator" value=";"/>
    <property name="java.vm.name" value="Java HotSpot(TM) Client VM"/>
    <property name="file.encoding.pkg" value="sun.io"/>
    <property name="user.country" value="FR"/>
    <property name="sun.java.launcher" value="SUN_STANDARD"/>
    <property name="sun.os.patch.level" value="Service Pack 2"/>
    <property name="java.vm.specification.name" value="Java Virtual Machine Specification"/>
    <property name="user.dir" value="D:\_OXYBOX_\workspace\try_git\try_git-business"/>
    <property name="java.runtime.version" value="1.6.0_24-b07"/>
    <property name="java.awt.graphicsenv" value="sun.awt.Win32GraphicsEnvironment"/>
    <property name="basedir" value="D:\_OXYBOX_\workspace\try_git\try_git-business"/>
    <property name="java.endorsed.dirs" value="C:\Program Files\Java\jdk1.6.0_24\jre\lib\endorsed"/>
    <property name="os.arch" value="x86"/>
    <property name="surefire.real.class.path" value="C:\temp\surefirebooter3496405485129936541.jar"/>
    <property name="java.io.tmpdir" value="C:\temp\"/>
    <property name="line.separator" value="
"/>
    <property name="java.vm.specification.vendor" value="Sun Microsystems Inc."/>
    <property name="user.variant" value=""/>
    <property name="os.name" value="Windows XP"/>
    <property name="sun.jnu.encoding" value="Cp1252"/>
    <property name="java.library.path" value="C:\Program Files\Java\jdk1.6.0_24\jre\bin;.;C:\WINNT\Sun\Java\bin;C:\WINNT\system32;C:\WINNT;C:\PROGRA~1\CA\SC\\ETPKI\lib;C:\WINNT\system32;C:\WINNT;C:\WINNT\System32\Wbem;C:\Program Files\ZipGenius 6\;C:\Program Files\CA\DSM\bin;C:\PROGRA~1\CA\SC\CAM\bin;C:\Program Files\CA\SC\CAWIN\;C:\PROGRA~1\CA\SC\ETPKI\lib;C:\Program Files\CA\SC\Csam\SockAdapter\\bin;C:\Program Files\IBM\Client Access\Bin;C:\Program Files\QuickTime\QTSystem\;C:\Program Files\Google\Google Apps Migration\;D:\_OXYBOX_\tools\Git\cmd;D:\_OXYBOX_\tools\Git\bin;C:\Program Files\CVSNT\"/>
    <property name="surefire.test.class.path" value="D:\_OXYBOX_\workspace\try_git\try_git-business\target\test-classes;D:\_OXYBOX_\workspace\try_git\try_git-business\target\classes;D:\_OXYBOX_\m2repo\junit\junit\4.8.1\junit-4.8.1.jar;D:\_OXYBOX_\m2repo\org\springframework\spring-test\3.1.1.RELEASE\spring-test-3.1.1.RELEASE.jar;D:\_OXYBOX_\m2repo\org\mockito\mockito-all\1.8.4\mockito-all-1.8.4.jar;D:\_OXYBOX_\m2repo\org\dbunit\dbunit\2.4.8\dbunit-2.4.8.jar;D:\_OXYBOX_\m2repo\org\slf4j\slf4j-api\1.5.8\slf4j-api-1.5.8.jar;D:\_OXYBOX_\m2repo\commons-collections\commons-collections\3.2.1\commons-collections-3.2.1.jar;D:\_OXYBOX_\m2repo\org\hsqldb\hsqldb\2.1.0\hsqldb-2.1.0.jar;D:\_OXYBOX_\m2repo\com\oxit\fwk\fwk-dao\4.0.4\fwk-dao-4.0.4.jar;D:\_OXYBOX_\m2repo\org\springframework\spring-aop\3.1.1.RELEASE\spring-aop-3.1.1.RELEASE.jar;D:\_OXYBOX_\m2repo\aopalliance\aopalliance\1.0\aopalliance-1.0.jar;D:\_OXYBOX_\m2repo\org\springframework\spring-asm\3.1.1.RELEASE\spring-asm-3.1.1.RELEASE.jar;D:\_OXYBOX_\m2repo\org\springframework\spring-beans\3.1.1.RELEASE\spring-beans-3.1.1.RELEASE.jar;D:\_OXYBOX_\m2repo\org\springframework\spring-core\3.1.1.RELEASE\spring-core-3.1.1.RELEASE.jar;D:\_OXYBOX_\m2repo\commons-logging\commons-logging\1.1.1\commons-logging-1.1.1.jar;D:\_OXYBOX_\m2repo\org\springframework\spring-context\3.1.1.RELEASE\spring-context-3.1.1.RELEASE.jar;D:\_OXYBOX_\m2repo\org\springframework\spring-expression\3.1.1.RELEASE\spring-expression-3.1.1.RELEASE.jar;D:\_OXYBOX_\m2repo\org\springframework\spring-context-support\3.1.1.RELEASE\spring-context-support-3.1.1.RELEASE.jar;D:\_OXYBOX_\m2repo\org\springframework\spring-jdbc\3.1.1.RELEASE\spring-jdbc-3.1.1.RELEASE.jar;D:\_OXYBOX_\m2repo\org\springframework\spring-tx\3.1.1.RELEASE\spring-tx-3.1.1.RELEASE.jar;D:\_OXYBOX_\m2repo\org\springframework\spring-orm\3.1.1.RELEASE\spring-orm-3.1.1.RELEASE.jar;D:\_OXYBOX_\m2repo\org\springframework\spring-web\3.1.1.RELEASE\spring-web-3.1.1.RELEASE.jar;D:\_OXYBOX_\m2repo\org\springframework\spring-webmvc\3.1.1.RELEASE\spring-webmvc-3.1.1.RELEASE.jar;D:\_OXYBOX_\m2repo\dom4j\dom4j\1.6.1\dom4j-1.6.1.jar;D:\_OXYBOX_\m2repo\org\apache\xerces\xercesImpl\2.10.0\xercesImpl-2.10.0.jar;D:\_OXYBOX_\m2repo\org\apache\xerces\xml-apis\2.10.0\xml-apis-2.10.0.jar;D:\_OXYBOX_\m2repo\antlr\antlr\2.7.7\antlr-2.7.7.jar;D:\_OXYBOX_\m2repo\asm\asm\3.2\asm-3.2.jar;D:\_OXYBOX_\m2repo\cglib\cglib\2.2\cglib-2.2.jar;D:\_OXYBOX_\m2repo\javassist\javassist\3.9.0.GA\javassist-3.9.0.GA.jar;D:\_OXYBOX_\m2repo\org\slf4j\jcl-over-slf4j\1.5.8\jcl-over-slf4j-1.5.8.jar;D:\_OXYBOX_\m2repo\org\slf4j\slf4j-log4j12\1.5.8\slf4j-log4j12-1.5.8.jar;D:\_OXYBOX_\m2repo\log4j\log4j\1.2.15\log4j-1.2.15.jar;D:\_OXYBOX_\m2repo\javax\mail\mail\1.4.1\mail-1.4.1.jar;D:\_OXYBOX_\m2repo\javax\activation\activation\1.1\activation-1.1.jar;D:\_OXYBOX_\m2repo\standard\standard\1.1.2\standard-1.1.2.jar;D:\_OXYBOX_\m2repo\javax\servlet\jstl\1.1.2\jstl-1.1.2.jar;D:\_OXYBOX_\m2repo\org\tuckey\urlrewritefilter\3.2.0\urlrewritefilter-3.2.0.jar;D:\_OXYBOX_\m2repo\javax\transaction\jta\1.1\jta-1.1.jar;D:\_OXYBOX_\m2repo\org\hibernate\hibernate\3.5.3-Final\hibernate-3.5.3-Final.jar;D:\_OXYBOX_\m2repo\javax\persistence\javax.persistence\2.0.0.v200911271158\javax.persistence-2.0.0.v200911271158.jar;D:\_OXYBOX_\m2repo\org\apache\tiles\tiles-api\2.1.4\tiles-api-2.1.4.jar;D:\_OXYBOX_\m2repo\org\apache\tiles\tiles-core\2.1.4\tiles-core-2.1.4.jar;D:\_OXYBOX_\m2repo\org\apache\tiles\tiles-jsp\2.1.4\tiles-jsp-2.1.4.jar;D:\_OXYBOX_\m2repo\org\apache\tiles\tiles-servlet\2.1.4\tiles-servlet-2.1.4.jar;D:\_OXYBOX_\m2repo\commons-beanutils\commons-beanutils\1.7.0\commons-beanutils-1.7.0.jar;D:\_OXYBOX_\m2repo\commons-digester\commons-digester\1.8\commons-digester-1.8.jar;D:\_OXYBOX_\m2repo\commons-codec\commons-codec\1.4\commons-codec-1.4.jar;D:\_OXYBOX_\m2repo\commons-io\commons-io\2.0.1\commons-io-2.0.1.jar;D:\_OXYBOX_\m2repo\org\codehaus\jackson\jackson-mapper-asl\1.5.0\jackson-mapper-asl-1.5.0.jar;D:\_OXYBOX_\m2repo\org\codehaus\jackson\jackson-core-asl\1.5.0\jackson-core-asl-1.5.0.jar;D:\_OXYBOX_\m2repo\net\sf\ehcache\ehcache-core\2.2.0\ehcache-core-2.2.0.jar;D:\_OXYBOX_\m2repo\net\sf\ehcache\ehcache-terracotta\2.2.0\ehcache-terracotta-2.2.0.jar;D:\_OXYBOX_\m2repo\javax\annotation\jsr250-api\1.0\jsr250-api-1.0.jar;D:\_OXYBOX_\m2repo\org\springframework\data\spring-data-jpa\1.1.0.RELEASE\spring-data-jpa-1.1.0.RELEASE.jar;D:\_OXYBOX_\m2repo\org\springframework\data\spring-data-commons-core\1.3.0.RELEASE\spring-data-commons-core-1.3.0.RELEASE.jar;D:\_OXYBOX_\m2repo\org\aspectj\aspectjrt\1.6.12\aspectjrt-1.6.12.jar;D:\_OXYBOX_\m2repo\javax\servlet\servlet-api\2.5\servlet-api-2.5.jar;D:\_OXYBOX_\m2repo\javax\ejb\ejb\2.1\ejb-2.1.jar;D:\_OXYBOX_\m2repo\javax\servlet\jsp-api\2.0\jsp-api-2.0.jar;"/>
    <property name="java.specification.name" value="Java Platform API Specification"/>
    <property name="java.class.version" value="50.0"/>
    <property name="sun.management.compiler" value="HotSpot Client Compiler"/>
    <property name="os.version" value="5.1"/>
    <property name="user.home" value="\\BTWNVF01\Z23LKACZ\profile\shortcuts"/>
    <property name="user.timezone" value="Europe/Paris"/>
    <property name="java.awt.printerjob" value="sun.awt.windows.WPrinterJob"/>
    <property name="java.specification.version" value="1.6"/>
    <property name="file.encoding" value="Cp1252"/>
    <property name="user.name" value="z23lkacz"/>
    <property name="java.class.path" value="D:\_OXYBOX_\workspace\try_git\try_git-business\target\test-classes;D:\_OXYBOX_\workspace\try_git\try_git-business\target\classes;D:\_OXYBOX_\m2repo\junit\junit\4.8.1\junit-4.8.1.jar;D:\_OXYBOX_\m2repo\org\springframework\spring-test\3.1.1.RELEASE\spring-test-3.1.1.RELEASE.jar;D:\_OXYBOX_\m2repo\org\mockito\mockito-all\1.8.4\mockito-all-1.8.4.jar;D:\_OXYBOX_\m2repo\org\dbunit\dbunit\2.4.8\dbunit-2.4.8.jar;D:\_OXYBOX_\m2repo\org\slf4j\slf4j-api\1.5.8\slf4j-api-1.5.8.jar;D:\_OXYBOX_\m2repo\commons-collections\commons-collections\3.2.1\commons-collections-3.2.1.jar;D:\_OXYBOX_\m2repo\org\hsqldb\hsqldb\2.1.0\hsqldb-2.1.0.jar;D:\_OXYBOX_\m2repo\com\oxit\fwk\fwk-dao\4.0.4\fwk-dao-4.0.4.jar;D:\_OXYBOX_\m2repo\org\springframework\spring-aop\3.1.1.RELEASE\spring-aop-3.1.1.RELEASE.jar;D:\_OXYBOX_\m2repo\aopalliance\aopalliance\1.0\aopalliance-1.0.jar;D:\_OXYBOX_\m2repo\org\springframework\spring-asm\3.1.1.RELEASE\spring-asm-3.1.1.RELEASE.jar;D:\_OXYBOX_\m2repo\org\springframework\spring-beans\3.1.1.RELEASE\spring-beans-3.1.1.RELEASE.jar;D:\_OXYBOX_\m2repo\org\springframework\spring-core\3.1.1.RELEASE\spring-core-3.1.1.RELEASE.jar;D:\_OXYBOX_\m2repo\commons-logging\commons-logging\1.1.1\commons-logging-1.1.1.jar;D:\_OXYBOX_\m2repo\org\springframework\spring-context\3.1.1.RELEASE\spring-context-3.1.1.RELEASE.jar;D:\_OXYBOX_\m2repo\org\springframework\spring-expression\3.1.1.RELEASE\spring-expression-3.1.1.RELEASE.jar;D:\_OXYBOX_\m2repo\org\springframework\spring-context-support\3.1.1.RELEASE\spring-context-support-3.1.1.RELEASE.jar;D:\_OXYBOX_\m2repo\org\springframework\spring-jdbc\3.1.1.RELEASE\spring-jdbc-3.1.1.RELEASE.jar;D:\_OXYBOX_\m2repo\org\springframework\spring-tx\3.1.1.RELEASE\spring-tx-3.1.1.RELEASE.jar;D:\_OXYBOX_\m2repo\org\springframework\spring-orm\3.1.1.RELEASE\spring-orm-3.1.1.RELEASE.jar;D:\_OXYBOX_\m2repo\org\springframework\spring-web\3.1.1.RELEASE\spring-web-3.1.1.RELEASE.jar;D:\_OXYBOX_\m2repo\org\springframework\spring-webmvc\3.1.1.RELEASE\spring-webmvc-3.1.1.RELEASE.jar;D:\_OXYBOX_\m2repo\dom4j\dom4j\1.6.1\dom4j-1.6.1.jar;D:\_OXYBOX_\m2repo\org\apache\xerces\xercesImpl\2.10.0\xercesImpl-2.10.0.jar;D:\_OXYBOX_\m2repo\org\apache\xerces\xml-apis\2.10.0\xml-apis-2.10.0.jar;D:\_OXYBOX_\m2repo\antlr\antlr\2.7.7\antlr-2.7.7.jar;D:\_OXYBOX_\m2repo\asm\asm\3.2\asm-3.2.jar;D:\_OXYBOX_\m2repo\cglib\cglib\2.2\cglib-2.2.jar;D:\_OXYBOX_\m2repo\javassist\javassist\3.9.0.GA\javassist-3.9.0.GA.jar;D:\_OXYBOX_\m2repo\org\slf4j\jcl-over-slf4j\1.5.8\jcl-over-slf4j-1.5.8.jar;D:\_OXYBOX_\m2repo\org\slf4j\slf4j-log4j12\1.5.8\slf4j-log4j12-1.5.8.jar;D:\_OXYBOX_\m2repo\log4j\log4j\1.2.15\log4j-1.2.15.jar;D:\_OXYBOX_\m2repo\javax\mail\mail\1.4.1\mail-1.4.1.jar;D:\_OXYBOX_\m2repo\javax\activation\activation\1.1\activation-1.1.jar;D:\_OXYBOX_\m2repo\standard\standard\1.1.2\standard-1.1.2.jar;D:\_OXYBOX_\m2repo\javax\servlet\jstl\1.1.2\jstl-1.1.2.jar;D:\_OXYBOX_\m2repo\org\tuckey\urlrewritefilter\3.2.0\urlrewritefilter-3.2.0.jar;D:\_OXYBOX_\m2repo\javax\transaction\jta\1.1\jta-1.1.jar;D:\_OXYBOX_\m2repo\org\hibernate\hibernate\3.5.3-Final\hibernate-3.5.3-Final.jar;D:\_OXYBOX_\m2repo\javax\persistence\javax.persistence\2.0.0.v200911271158\javax.persistence-2.0.0.v200911271158.jar;D:\_OXYBOX_\m2repo\org\apache\tiles\tiles-api\2.1.4\tiles-api-2.1.4.jar;D:\_OXYBOX_\m2repo\org\apache\tiles\tiles-core\2.1.4\tiles-core-2.1.4.jar;D:\_OXYBOX_\m2repo\org\apache\tiles\tiles-jsp\2.1.4\tiles-jsp-2.1.4.jar;D:\_OXYBOX_\m2repo\org\apache\tiles\tiles-servlet\2.1.4\tiles-servlet-2.1.4.jar;D:\_OXYBOX_\m2repo\commons-beanutils\commons-beanutils\1.7.0\commons-beanutils-1.7.0.jar;D:\_OXYBOX_\m2repo\commons-digester\commons-digester\1.8\commons-digester-1.8.jar;D:\_OXYBOX_\m2repo\commons-codec\commons-codec\1.4\commons-codec-1.4.jar;D:\_OXYBOX_\m2repo\commons-io\commons-io\2.0.1\commons-io-2.0.1.jar;D:\_OXYBOX_\m2repo\org\codehaus\jackson\jackson-mapper-asl\1.5.0\jackson-mapper-asl-1.5.0.jar;D:\_OXYBOX_\m2repo\org\codehaus\jackson\jackson-core-asl\1.5.0\jackson-core-asl-1.5.0.jar;D:\_OXYBOX_\m2repo\net\sf\ehcache\ehcache-core\2.2.0\ehcache-core-2.2.0.jar;D:\_OXYBOX_\m2repo\net\sf\ehcache\ehcache-terracotta\2.2.0\ehcache-terracotta-2.2.0.jar;D:\_OXYBOX_\m2repo\javax\annotation\jsr250-api\1.0\jsr250-api-1.0.jar;D:\_OXYBOX_\m2repo\org\springframework\data\spring-data-jpa\1.1.0.RELEASE\spring-data-jpa-1.1.0.RELEASE.jar;D:\_OXYBOX_\m2repo\org\springframework\data\spring-data-commons-core\1.3.0.RELEASE\spring-data-commons-core-1.3.0.RELEASE.jar;D:\_OXYBOX_\m2repo\org\aspectj\aspectjrt\1.6.12\aspectjrt-1.6.12.jar;D:\_OXYBOX_\m2repo\javax\servlet\servlet-api\2.5\servlet-api-2.5.jar;D:\_OXYBOX_\m2repo\javax\ejb\ejb\2.1\ejb-2.1.jar;D:\_OXYBOX_\m2repo\javax\servlet\jsp-api\2.0\jsp-api-2.0.jar;"/>
    <property name="java.vm.specification.version" value="1.0"/>
    <property name="sun.arch.data.model" value="32"/>
    <property name="java.home" value="C:\Program Files\Java\jdk1.6.0_24\jre"/>
    <property name="java.specification.vendor" value="Sun Microsystems Inc."/>
    <property name="user.language" value="fr"/>
    <property name="awt.toolkit" value="sun.awt.windows.WToolkit"/>
    <property name="java.vm.info" value="mixed mode, sharing"/>
    <property name="java.version" value="1.6.0_24"/>
    <property name="java.ext.dirs" value="C:\Program Files\Java\jdk1.6.0_24\jre\lib\ext;C:\WINNT\Sun\Java\lib\ext"/>
    <property name="sun.boot.class.path" value="C:\Program Files\Java\jdk1.6.0_24\jre\lib\resources.jar;C:\Program Files\Java\jdk1.6.0_24\jre\lib\rt.jar;C:\Program Files\Java\jdk1.6.0_24\jre\lib\sunrsasign.jar;C:\Program Files\Java\jdk1.6.0_24\jre\lib\jsse.jar;C:\Program Files\Java\jdk1.6.0_24\jre\lib\jce.jar;C:\Program Files\Java\jdk1.6.0_24\jre\lib\charsets.jar;C:\Program Files\Java\jdk1.6.0_24\jre\lib\modules\jdk.boot.jar;C:\Program Files\Java\jdk1.6.0_24\jre\classes"/>
    <property name="java.vendor" value="Sun Microsystems Inc."/>
    <property name="localRepository" value="D:/_OXYBOX_/m2repo"/>
    <property name="file.separator" value="\"/>
    <property name="java.vendor.url.bug" value="http://java.sun.com/cgi-bin/bugreport.cgi"/>
    <property name="sun.cpu.endian" value="little"/>
    <property name="sun.io.unicode.encoding" value="UnicodeLittle"/>
    <property name="sun.desktop" value="windows"/>
    <property name="sun.cpu.isalist" value="pentium_pro+mmx pentium_pro pentium+mmx pentium i486 i386 i86"/>
  </properties>
  <testcase time="0.265" classname="try_git.test.dao.EmptyDaoTest" name="test01_xxx">
    <error message="Failed to load ApplicationContext" type="java.lang.IllegalStateException">java.lang.IllegalStateException: Failed to load ApplicationContext
	at org.springframework.test.context.TestContext.getApplicationContext(TestContext.java:157)
	at org.springframework.test.context.support.DependencyInjectionTestExecutionListener.injectDependencies(DependencyInjectionTestExecutionListener.java:109)
	at org.springframework.test.context.support.DependencyInjectionTestExecutionListener.prepareTestInstance(DependencyInjectionTestExecutionListener.java:75)
	at org.springframework.test.context.TestContextManager.prepareTestInstance(TestContextManager.java:321)
	at org.springframework.test.context.junit4.SpringJUnit4ClassRunner.createTest(SpringJUnit4ClassRunner.java:211)
	at org.springframework.test.context.junit4.SpringJUnit4ClassRunner$1.runReflectiveCall(SpringJUnit4ClassRunner.java:288)
	at org.junit.internal.runners.model.ReflectiveCallable.run(ReflectiveCallable.java:15)
	at org.springframework.test.context.junit4.SpringJUnit4ClassRunner.methodBlock(SpringJUnit4ClassRunner.java:290)
	at org.springframework.test.context.junit4.SpringJUnit4ClassRunner.runChild(SpringJUnit4ClassRunner.java:231)
	at org.junit.runners.BlockJUnit4ClassRunner.runChild(BlockJUnit4ClassRunner.java:50)
	at org.junit.runners.ParentRunner$3.run(ParentRunner.java:193)
	at org.junit.runners.ParentRunner$1.schedule(ParentRunner.java:52)
	at org.junit.runners.ParentRunner.runChildren(ParentRunner.java:191)
	at org.junit.runners.ParentRunner.access$000(ParentRunner.java:42)
	at org.junit.runners.ParentRunner$2.evaluate(ParentRunner.java:184)
	at org.springframework.test.context.junit4.statements.RunBeforeTestClassCallbacks.evaluate(RunBeforeTestClassCallbacks.java:61)
	at org.springframework.test.context.junit4.statements.RunAfterTestClassCallbacks.evaluate(RunAfterTestClassCallbacks.java:71)
	at org.junit.runners.ParentRunner.run(ParentRunner.java:236)
	at org.springframework.test.context.junit4.SpringJUnit4ClassRunner.run(SpringJUnit4ClassRunner.java:174)
	at org.apache.maven.surefire.junit4.JUnit4TestSet.execute(JUnit4TestSet.java:62)
	at org.apache.maven.surefire.suite.AbstractDirectoryTestSuite.executeTestSet(AbstractDirectoryTestSuite.java:140)
	at org.apache.maven.surefire.suite.AbstractDirectoryTestSuite.execute(AbstractDirectoryTestSuite.java:127)
	at org.apache.maven.surefire.Surefire.run(Surefire.java:177)
	at sun.reflect.NativeMethodAccessorImpl.invoke0(Native Method)
	at sun.reflect.NativeMethodAccessorImpl.invoke(NativeMethodAccessorImpl.java:39)
	at sun.reflect.DelegatingMethodAccessorImpl.invoke(DelegatingMethodAccessorImpl.java:25)
	at java.lang.reflect.Method.invoke(Method.java:597)
	at org.apache.maven.surefire.booter.SurefireBooter.runSuitesInProcess(SurefireBooter.java:345)
	at org.apache.maven.surefire.booter.SurefireBooter.main(SurefireBooter.java:1009)
Caused by: org.springframework.beans.factory.BeanCreationException: Error creating bean with name &apos;persistenceUnitManager&apos; defined in class path resource [spring/datasource.xml]: Invocation of init method failed; nested exception is org.springframework.jdbc.datasource.lookup.DataSourceLookupFailureException: No DataSource with name &apos;try_gitDS&apos; registered
	at org.springframework.beans.factory.support.AbstractAutowireCapableBeanFactory.initializeBean(AbstractAutowireCapableBeanFactory.java:1455)
	at org.springframework.beans.factory.support.AbstractAutowireCapableBeanFactory.doCreateBean(AbstractAutowireCapableBeanFactory.java:519)
	at org.springframework.beans.factory.support.AbstractAutowireCapableBeanFactory.createBean(AbstractAutowireCapableBeanFactory.java:456)
	at org.springframework.beans.factory.support.AbstractBeanFactory$1.getObject(AbstractBeanFactory.java:294)
	at org.springframework.beans.factory.support.DefaultSingletonBeanRegistry.getSingleton(DefaultSingletonBeanRegistry.java:225)
	at org.springframework.beans.factory.support.AbstractBeanFactory.doGetBean(AbstractBeanFactory.java:291)
	at org.springframework.beans.factory.support.AbstractBeanFactory.getBean(AbstractBeanFactory.java:193)
	at org.springframework.beans.factory.support.DefaultListableBeanFactory.preInstantiateSingletons(DefaultListableBeanFactory.java:585)
	at org.springframework.context.support.AbstractApplicationContext.finishBeanFactoryInitialization(AbstractApplicationContext.java:913)
	at org.springframework.context.support.AbstractApplicationContext.refresh(AbstractApplicationContext.java:464)
	at org.springframework.test.context.support.AbstractGenericContextLoader.loadContext(AbstractGenericContextLoader.java:103)
	at org.springframework.test.context.support.AbstractGenericContextLoader.loadContext(AbstractGenericContextLoader.java:1)
	at org.springframework.test.context.support.DelegatingSmartContextLoader.loadContext(DelegatingSmartContextLoader.java:228)
	at org.springframework.test.context.TestContext.loadApplicationContext(TestContext.java:124)
	at org.springframework.test.context.TestContext.getApplicationContext(TestContext.java:148)
	... 28 more
Caused by: org.springframework.jdbc.datasource.lookup.DataSourceLookupFailureException: No DataSource with name &apos;try_gitDS&apos; registered
	at org.springframework.jdbc.datasource.lookup.MapDataSourceLookup.getDataSource(MapDataSourceLookup.java:105)
	at org.springframework.orm.jpa.persistenceunit.PersistenceUnitReader.parsePersistenceUnitInfo(PersistenceUnitReader.java:253)
	at org.springframework.orm.jpa.persistenceunit.PersistenceUnitReader.parseDocument(PersistenceUnitReader.java:179)
	at org.springframework.orm.jpa.persistenceunit.PersistenceUnitReader.readPersistenceUnitInfos(PersistenceUnitReader.java:132)
	at org.springframework.orm.jpa.persistenceunit.DefaultPersistenceUnitManager.readPersistenceUnitInfos(DefaultPersistenceUnitManager.java:380)
	at org.springframework.orm.jpa.persistenceunit.DefaultPersistenceUnitManager.preparePersistenceUnitInfos(DefaultPersistenceUnitManager.java:341)
	at org.springframework.orm.jpa.persistenceunit.DefaultPersistenceUnitManager.afterPropertiesSet(DefaultPersistenceUnitManager.java:326)
	at org.springframework.beans.factory.support.AbstractAutowireCapableBeanFactory.invokeInitMethods(AbstractAutowireCapableBeanFactory.java:1514)
	at org.springframework.beans.factory.support.AbstractAutowireCapableBeanFactory.initializeBean(AbstractAutowireCapableBeanFactory.java:1452)
	... 42 more
</error>
  </testcase>
</testsuite>